["INFO" - 4:43:10 PM] Extension Name: esbenp.prettier-vscode.
["INFO" - 4:43:10 PM] Extension Version: 9.10.4.
["INFO" - 4:50:55 PM] Formatting vscode-userdata:/home/eduard/.config/Code/User/settings.json
["INFO" - 4:50:55 PM] File Info:
{
  "ignored": false,
  "inferredParser": "json"
}
["INFO" - 4:50:55 PM] No local configuration (i.e. .prettierrc or .editorconfig) detected, falling back to VS Code configuration
["INFO" - 4:50:55 PM] Prettier Options:
{
  "arrowParens": "always",
  "bracketSpacing": true,
  "endOfLine": "lf",
  "htmlWhitespaceSensitivity": "css",
  "insertPragma": false,
  "singleAttributePerLine": false,
  "bracketSameLine": false,
  "jsxBracketSameLine": false,
  "jsxSingleQuote": false,
  "printWidth": 150,
  "proseWrap": "preserve",
  "quoteProps": "as-needed",
  "requirePragma": false,
  "semi": true,
  "singleQuote": false,
  "tabWidth": 2,
  "trailingComma": "es5",
  "useTabs": true,
  "vueIndentScriptAndStyle": false,
  "filepath": "/home/eduard/.config/Code/User/settings.json",
  "parser": "json"
}
["INFO" - 4:50:55 PM] Formatting completed in 96ms.
["INFO" - 4:51:17 PM] Formatting vscode-userdata:/home/eduard/.config/Code/User/settings.json
["INFO" - 4:51:17 PM] File Info:
{
  "ignored": false,
  "inferredParser": "json"
}
["INFO" - 4:51:17 PM] No local configuration (i.e. .prettierrc or .editorconfig) detected, falling back to VS Code configuration
["INFO" - 4:51:17 PM] Prettier Options:
{
  "arrowParens": "always",
  "bracketSpacing": true,
  "endOfLine": "lf",
  "htmlWhitespaceSensitivity": "css",
  "insertPragma": false,
  "singleAttributePerLine": false,
  "bracketSameLine": false,
  "jsxBracketSameLine": false,
  "jsxSingleQuote": false,
  "printWidth": 150,
  "proseWrap": "preserve",
  "quoteProps": "as-needed",
  "requirePragma": false,
  "semi": true,
  "singleQuote": false,
  "tabWidth": 2,
  "trailingComma": "es5",
  "useTabs": true,
  "vueIndentScriptAndStyle": false,
  "filepath": "/home/eduard/.config/Code/User/settings.json",
  "parser": "json"
}
["INFO" - 4:51:17 PM] Formatting completed in 29ms.
