[16:44:05][Logger] New log placeholder %WS1% registered for /home/eduard/UoC/Machine-Learning .
[16:44:05][Config] latex-workshop.latex.recipes: [{"name":"latexmk 🔃","tools":["latexmk"]},{"name":"pdfLaTeX","tools":["pdflatex"]},{"name":"xelatex","tools":["xelatex"]},{"name":"pdflatex ➞ bibtex ➞ pdflatex`×2","tools":["pdflatex","bibtex","pdflatex","pdflatex"]},{"name":"xelatex ➞ bibtex ➞ xelatex`×2","tools":["xelatex","bibtex","xelatex","xelatex"]},{"name":"xelatex ➞ biber ➞ xelatex`×2","tools":["xelatex","biber","xelatex","xelatex"]}] .
[16:44:05][Config] latex-workshop.latex.tools: [{"name":"latexmk","command":"latexmk","args":["-shell-escape","-synctex=1","-interaction=nonstopmode","-file-line-error","-pdf","%DOC%"],"env":{}},{"name":"lualatexmk","command":"latexmk","args":["-synctex=1","-interaction=nonstopmode","-file-line-error","-lualatex","%DOC%"],"env":{}},{"name":"xelatexmk","command":"latexmk","args":["-synctex=1","-interaction=nonstopmode","-file-line-error","-xelatex","%DOC%"],"env":{}},{"name":"latexmk_rconly","command":"latexmk","args":["%DOC%"],"env":{}},{"name":"pdflatex","command":"pdflatex","args":["-synctex=1","-interaction=nonstopmode","-file-line-error","%DOC%"],"env":{}},{"name":"bibtex","command":"bibtex","args":["%DOCFILE%"],"env":{}},{"name":"rnw2tex","command":"Rscript","args":["-e","knitr::opts_knit$set(concordance = TRUE); knitr::knit('%DOCFILE_EXT%')"],"env":{}},{"name":"jnw2tex","command":"julia","args":["-e","using Weave; weave(\"%DOC_EXT%\", doctype=\"tex\")"],"env":{}},{"name":"jnw2texmintex","command":"julia","args":["-e","using Weave; weave(\"%DOC_EXT%\", doctype=\"texminted\")"],"env":{}},{"name":"tectonic","command":"tectonic","args":["--synctex","--keep-logs","%DOC%.tex"],"env":{}}] .
[16:44:06][Config] latex-workshop.latex.autoBuild.run: "onSave" .
[16:44:06][Config] latex-workshop.latex.autoBuild.cleanAndRetry.enabled: false .
[16:44:06][Config] latex-workshop.latex.clean.subfolder.enabled: true .
[16:44:06][Config] latex-workshop.view.pdf.viewer: "external" .
[16:44:06][Config] latex-workshop.view.pdf.external.viewer.command: "C:\\Program Files\\sioyek\\sioyek.exe" .
[16:44:06][Config] latex-workshop.view.pdf.external.synctex.command: "C:\\Program Files\\sioyek\\sioyek.exe" .
[16:44:06][Config] latex-workshop.view.pdf.external.synctex.args: ["--inverse-search","\"C:\\Users\\eduar\\AppData\\Local\\Programs\\Microsoft VS Code\\Code.exe\" \"C:\\Users\\eduar\\AppData\\Local\\Programs\\Microsoft VS Code\\resources\\app\\out\\cli.js\" --ms-enable-electron-run-as-node -r -g \"%1:%2\"","--reuse-instance","--forward-search-file","%TEX%","--forward-search-line","%LINE%","%PDF%"] .
[16:44:06][Config] latex-workshop.view.pdf.hand: true .
[16:44:06][Config] latex-workshop.linting.chktex.enabled: true .
[16:44:06][Config] latex-workshop.message.warning.show: false .
[16:44:06][Config] latex-workshop.message.error.show: false .
[16:44:06][Config] latex-workshop.intellisense.citation.backend: "biblatex" .
[16:44:06][Config] latex-workshop.bibtex-format.tab: "tab" .
[16:44:06][Manager] Set $LATEXWORKSHOP_DOCKER_LATEX: ""
[16:44:06][Server] Creating LaTeX Workshop http and websocket server.
[16:44:06][Server] Server successfully started: {"address":"127.0.0.1","family":"IPv4","port":40723} .
[16:44:06][Extension] Initializing LaTeX Workshop.
[16:44:06][Extension] Extension root: /home/eduard/.vscode/extensions/james-yu.latex-workshop-9.8.2
[16:44:06][Extension] $PATH: /usr/local/sbin:/usr/local/bin:/usr/bin:/usr/lib/jvm/default/bin:/usr/bin/site_perl:/usr/bin/vendor_perl:/usr/bin/core_perl:/var/lib/snapd/snap/bin
[16:44:06][Extension] $SHELL: /usr/bin/zsh
[16:44:06][Extension] $LANG: en_US.UTF-8
[16:44:06][Extension] $LC_ALL: undefined
[16:44:06][Extension] process.platform: linux
[16:44:06][Extension] process.arch: x64
[16:44:06][Extension] vscode.env.appName: Visual Studio Code
[16:44:06][Extension] vscode.env.remoteName: undefined
[16:44:06][Extension] vscode.env.uiKind: 1
[16:44:06][Extension] LaTeX Workshop initialized.
[16:44:06][Format][Bib] Bibtex format config: {"tab":"\t","case":"lowercase","left":"{","right":"}","trailingComma":false,"sort":["key"],"alignOnEqual":true,"sortFields":false,"fieldsOrder":[],"firstEntries":["string","xdata"]}
[16:44:06][Extension] Trigger characters for intellisense of LaTeX documents: ["\\",",","{"]
[16:44:06][Manager] Current workspace folders: ["file://%WS1%"]
[16:44:06][Manager] The active document cannot be used as the root file: untitled:Untitled-2
[16:44:06][Manager] Current workspaceRootDir: file://%WS1%
[16:44:06][Server] valdOrigin is http://127.0.0.1:40723
[16:44:06][Structure] Structure cleared on undefined root.
[16:44:06][Linter] No root file found for ChkTeX.
