[16:44:06] Initializing LaTeX Utilities.
[16:44:06] Live Snippets Loaded
[16:44:06] Completion Watcher Initialised
[16:44:06] LaTeX Utilities Started
[16:44:06] LaTeX Utilities version: 0.4.10
[16:44:08] onDidChangeTextDocument
[16:44:09] onDidChangeTextDocument
[16:44:09] onDidChangeTextDocument
[16:44:10] onDidChangeTextDocument
[16:45:12] onDidChangeActiveTextEditor_tex_wordcounter
[16:45:56] onDidChangeActiveTextEditor_tex_wordcounter
[16:46:13] onDidChangeTextDocument
[16:46:13] onDidChangeTextDocument
[16:46:14] onDidChangeTextDocument
[16:46:14] onDidChangeTextDocument
[16:46:14] onDidChangeTextDocument
[16:46:15] onDidChangeTextDocument
[16:46:15] onDidChangeTextDocument
[16:46:15] onDidChangeTextDocument
[16:46:15] onDidChangeTextDocument
[16:46:15] onDidChangeTextDocument
[16:46:15] onDidChangeTextDocument
[16:46:22] onDidChangeTextDocument
[16:46:23] onDidChangeTextDocument
[16:46:24] onDidChangeTextDocument
[16:46:24] onDidChangeTextDocument
[16:46:24] onDidChangeTextDocument
[16:46:25] onDidChangeTextDocument
[16:46:25] onDidChangeTextDocument
[16:46:28] onDidChangeTextDocument
[16:46:29] onDidChangeTextDocument
[16:46:30] onDidChangeTextDocument
[16:46:30] onDidChangeTextDocument
[16:46:34] onDidChangeTextDocument
[16:46:34] onDidChangeTextDocument
[16:46:36] onDidChangeTextDocument
[16:46:36] onDidChangeTextDocument
[16:46:37] onDidChangeTextDocument
[16:46:37] onDidChangeTextDocument
[16:46:38] onDidChangeTextDocument
[16:46:38] onDidChangeTextDocument
[16:46:39] onDidChangeTextDocument
[16:46:39] onDidChangeTextDocument
[16:46:40] onDidChangeTextDocument
[16:46:40] onDidChangeTextDocument
[16:46:40] onDidChangeTextDocument
[16:46:40] onDidChangeTextDocument
[16:46:40] onDidChangeTextDocument
[16:46:40] onDidChangeTextDocument
[16:46:40] onDidChangeTextDocument
[16:46:40] onDidChangeTextDocument
[16:46:40] onDidChangeTextDocument
[16:46:40] onDidChangeTextDocument
[16:46:40] onDidChangeTextDocument
[16:46:41] onDidChangeTextDocument
[16:46:41] onDidChangeTextDocument
[16:46:41] onDidChangeTextDocument
[16:46:41] onDidChangeTextDocument
[16:46:41] onDidChangeTextDocument
[16:46:41] onDidChangeTextDocument
[16:46:41] onDidChangeTextDocument
[16:46:41] onDidChangeTextDocument
[16:46:41] onDidChangeTextDocument
[16:46:41] onDidChangeTextDocument
[16:46:41] onDidChangeTextDocument
[16:46:41] onDidChangeTextDocument
[16:46:41] onDidChangeTextDocument
[16:46:41] onDidChangeTextDocument
[16:46:41] onDidChangeTextDocument
[16:46:41] onDidChangeTextDocument
[16:46:41] onDidChangeTextDocument
[16:46:41] onDidChangeTextDocument
[16:46:41] onDidChangeTextDocument
[16:46:41] onDidChangeTextDocument
[16:46:41] onDidChangeTextDocument
[16:46:41] onDidChangeTextDocument
[16:46:41] onDidChangeTextDocument
[16:46:41] onDidChangeTextDocument
[16:46:42] onDidChangeTextDocument
[16:46:42] onDidChangeTextDocument
[16:46:42] onDidChangeTextDocument
[16:46:42] onDidChangeTextDocument
[16:46:42] onDidChangeTextDocument
[16:46:42] onDidChangeTextDocument
[16:46:42] onDidChangeTextDocument
[16:46:42] onDidChangeTextDocument
[16:46:42] onDidChangeTextDocument
[16:46:42] onDidChangeTextDocument
[16:46:42] onDidChangeTextDocument
[16:46:42] onDidChangeTextDocument
[16:46:42] onDidChangeTextDocument
[16:46:42] onDidChangeTextDocument
[16:46:42] onDidChangeTextDocument
[16:46:42] onDidChangeTextDocument
[16:46:42] onDidChangeTextDocument
[16:46:43] onDidChangeTextDocument
[16:46:43] onDidChangeTextDocument
[16:46:43] onDidChangeTextDocument
[16:46:43] onDidChangeTextDocument
[16:46:43] onDidChangeTextDocument
[16:46:46] onDidChangeTextDocument
[16:46:46] onDidChangeTextDocument
[16:46:54] onDidChangeTextDocument
[16:46:55] onDidChangeTextDocument
[16:46:55] onDidChangeTextDocument
[16:46:55] onDidChangeTextDocument
[16:46:55] onDidChangeTextDocument
[16:46:55] onDidChangeTextDocument
[16:46:55] onDidChangeTextDocument
[16:46:56] onDidChangeTextDocument
[16:46:56] onDidChangeTextDocument
[16:46:56] onDidChangeTextDocument
[16:46:56] onDidChangeTextDocument
[16:46:56] onDidChangeTextDocument
[16:46:56] onDidChangeTextDocument
[16:46:56] onDidChangeTextDocument
[16:46:57] onDidChangeTextDocument
[16:46:57] onDidChangeTextDocument
[16:46:57] onDidChangeTextDocument
[16:46:57] onDidChangeTextDocument
[16:46:57] onDidChangeTextDocument
[16:46:57] onDidChangeTextDocument
[16:46:59] onDidChangeTextDocument
[16:46:59] onDidChangeTextDocument
[16:47:00] onDidChangeTextDocument
[16:47:02] onDidChangeTextDocument
[16:47:03] onDidChangeTextDocument
[16:47:04] onDidChangeTextDocument
[16:47:04] onDidChangeTextDocument
[16:47:05] onDidChangeTextDocument
[16:47:05] onDidChangeTextDocument
[16:47:05] onDidChangeTextDocument
[16:47:05] onDidChangeTextDocument
[16:47:05] onDidChangeTextDocument
[16:47:05] onDidChangeTextDocument
[16:47:06] onDidChangeTextDocument
[16:47:13] onDidChangeTextDocument
[16:47:17] onDidChangeTextDocument
[16:47:23] onDidChangeTextDocument
[16:47:45] onDidChangeTextDocument
[16:47:45] onDidChangeTextDocument
[16:48:17] onDidChangeActiveTextEditor_tex_wordcounter
[16:48:17] onDidChangeActiveTextEditor_tex_wordcounter
[16:48:22] onDidChangeActiveTextEditor_tex_wordcounter
[16:48:22] onDidChangeTextDocument
[16:48:23] onDidChangeTextDocument
[16:48:23] onDidChangeTextDocument
[16:48:23] onDidChangeTextDocument
[16:48:23] onDidChangeTextDocument
[16:48:23] onDidChangeTextDocument
[16:48:23] onDidChangeTextDocument
[16:48:23] onDidChangeTextDocument
[16:48:23] onDidChangeTextDocument
[16:48:45] onDidChangeTextDocument
[16:48:48] onDidChangeTextDocument
[16:48:48] onDidChangeTextDocument
[16:48:48] onDidChangeTextDocument
[16:48:48] onDidChangeTextDocument
[16:48:52] onDidChangeTextDocument
[16:48:52] onDidChangeTextDocument
[16:48:52] onDidChangeTextDocument
[16:48:53] onDidChangeTextDocument
[16:48:53] onDidChangeTextDocument
[16:48:53] onDidChangeTextDocument
[16:48:53] onDidChangeTextDocument
[16:48:54] onDidChangeTextDocument
[16:48:54] onDidChangeTextDocument
[16:48:54] onDidChangeTextDocument
[16:48:57] onDidChangeTextDocument
[16:48:59] onDidChangeActiveTextEditor_tex_wordcounter
[16:49:02] onDidChangeActiveTextEditor_tex_wordcounter
[16:49:14] onDidChangeTextDocument
[16:49:16] onDidChangeTextDocument
[16:49:17] onDidChangeTextDocument
[16:49:18] onDidChangeTextDocument
[16:49:19] onDidChangeTextDocument
[16:49:20] onDidChangeTextDocument
[16:49:20] onDidChangeTextDocument
[16:49:21] onDidChangeTextDocument
[16:49:21] onDidChangeTextDocument
[16:49:22] onDidChangeTextDocument
[16:49:22] onDidChangeTextDocument
[16:49:23] onDidChangeTextDocument
[16:49:23] onDidChangeTextDocument
[16:49:25] onDidChangeTextDocument
[16:49:25] onDidChangeTextDocument
[16:49:26] onDidChangeTextDocument
[16:49:26] onDidChangeTextDocument
[16:49:26] onDidChangeTextDocument
[16:49:27] onDidChangeTextDocument
[16:49:28] onDidChangeTextDocument
[16:49:30] onDidChangeTextDocument
[16:49:34] onDidChangeTextDocument
[16:49:37] onDidChangeActiveTextEditor_tex_wordcounter
[16:49:38] onDidChangeActiveTextEditor_tex_wordcounter
[16:49:41] onDidChangeActiveTextEditor_tex_wordcounter
[16:49:41] onDidChangeActiveTextEditor_tex_wordcounter
[16:49:44] onDidChangeActiveTextEditor_tex_wordcounter
[16:50:55] onDidSaveTextDocument_tex_wordcounter
[16:51:17] onDidSaveTextDocument_tex_wordcounter
[16:57:17] onDidChangeActiveTextEditor_tex_wordcounter
[16:57:19] onDidChangeActiveTextEditor_tex_wordcounter
[16:59:17] onDidChangeActiveTextEditor_tex_wordcounter
