2023-04-01 16:14:44.219 [warning] Via 'product.json#extensionEnabledApiProposals' extension 'ms-vscode.vscode-selfhost-test-provider' wants API proposal 'testContinuousRun' but that proposal DOES NOT EXIST. Likely, the proposal has been finalized (check 'vscode.d.ts') or was abandoned.
2023-04-01 16:14:44.226 [warning] Via 'product.json#extensionEnabledApiProposals' extension 'ms-vscode.remote-repositories' wants API proposal 'contribEditorGutterMenu' but that proposal DOES NOT EXIST. Likely, the proposal has been finalized (check 'vscode.d.ts') or was abandoned.
2023-04-01 16:14:44.226 [warning] Via 'product.json#extensionEnabledApiProposals' extension 'github.vscode-pull-request-github' wants API proposal 'contribEditorGutterMenu' but that proposal DOES NOT EXIST. Likely, the proposal has been finalized (check 'vscode.d.ts') or was abandoned.
2023-04-01 16:14:44.227 [warning] Via 'product.json#extensionEnabledApiProposals' extension 'ms-toolsai.jupyter' wants API proposal 'notebookControllerKind' but that proposal DOES NOT EXIST. Likely, the proposal has been finalized (check 'vscode.d.ts') or was abandoned.
2023-04-01 16:14:47.199 [info] [perf] Render performance baseline is 22ms
2023-04-01 16:14:59.491 [info] Settings Sync: Updated current session c730c5b267279f44
2023-04-01 16:15:30.749 [info] Creating lazy extension host: contains 1 new extension(s) (installed or enabled): pomdtr.excalidraw-editor
2023-04-01 16:15:33.717 [info] [lifecycle]: Shutdown was prevented (id: veto.settingsSync)
2023-04-01 16:15:57.311 [error] [thekalinga.bootstrap4-vscode]: Unknown language in `contributes.bootstrap4-vscode.language`. Provided value: blade
2023-04-01 16:15:57.311 [error] [thekalinga.bootstrap4-vscode]: Unknown language in `contributes.bootstrap4-vscode.language`. Provided value: ejs
2023-04-01 16:15:57.311 [error] [thekalinga.bootstrap4-vscode]: Unknown language in `contributes.bootstrap4-vscode.language`. Provided value: latte
2023-04-01 16:15:57.311 [error] [thekalinga.bootstrap4-vscode]: Unknown language in `contributes.bootstrap4-vscode.language`. Provided value: tpl
2023-04-01 16:15:57.312 [error] [thekalinga.bootstrap4-vscode]: Unknown language in `contributes.bootstrap4-vscode.language`. Provided value: twig
2023-04-01 16:15:57.312 [error] [thekalinga.bootstrap4-vscode]: Unknown language in `contributes.bootstrap4-vscode.language`. Provided value: vue-html
2023-04-01 16:15:57.312 [error] [thekalinga.bootstrap4-vscode]: Unknown language in `contributes.bootstrap4-vscode.language`. Provided value: django-html
2023-04-01 16:15:57.312 [error] [thekalinga.bootstrap4-vscode]: Unknown language in `contributes.bootstrap4-vscode.language`. Provided value: jinja-html
2023-04-01 16:15:57.312 [error] [thekalinga.bootstrap4-vscode]: Unknown language in `contributes.bootstrap4-vscode.language`. Provided value: erb
2023-04-01 16:15:57.313 [error] [thekalinga.bootstrap4-vscode]: Unknown language in `contributes.bootstrap4-vscode.language`. Provided value: HTML (Eex)
2023-04-01 16:15:57.313 [error] [thekalinga.bootstrap4-vscode]: Unknown language in `contributes.bootstrap4-vscode.language`. Provided value: volt
2023-04-01 16:15:57.313 [error] [thekalinga.bootstrap4-vscode]: Unknown language in `contributes.bootstrap4-vscode.language`. Provided value: nunjucks
2023-04-01 16:16:11.626 [error] [thekalinga.bootstrap4-vscode]: Unknown language in `contributes.bootstrap4-vscode.language`. Provided value: blade
2023-04-01 16:16:11.627 [error] [thekalinga.bootstrap4-vscode]: Unknown language in `contributes.bootstrap4-vscode.language`. Provided value: ejs
2023-04-01 16:16:11.627 [error] [thekalinga.bootstrap4-vscode]: Unknown language in `contributes.bootstrap4-vscode.language`. Provided value: latte
2023-04-01 16:16:11.627 [error] [thekalinga.bootstrap4-vscode]: Unknown language in `contributes.bootstrap4-vscode.language`. Provided value: tpl
2023-04-01 16:16:11.627 [error] [thekalinga.bootstrap4-vscode]: Unknown language in `contributes.bootstrap4-vscode.language`. Provided value: twig
2023-04-01 16:16:11.627 [error] [thekalinga.bootstrap4-vscode]: Unknown language in `contributes.bootstrap4-vscode.language`. Provided value: vue-html
2023-04-01 16:16:11.627 [error] [thekalinga.bootstrap4-vscode]: Unknown language in `contributes.bootstrap4-vscode.language`. Provided value: django-html
2023-04-01 16:16:11.627 [error] [thekalinga.bootstrap4-vscode]: Unknown language in `contributes.bootstrap4-vscode.language`. Provided value: jinja-html
2023-04-01 16:16:11.628 [error] [thekalinga.bootstrap4-vscode]: Unknown language in `contributes.bootstrap4-vscode.language`. Provided value: erb
2023-04-01 16:16:11.628 [error] [thekalinga.bootstrap4-vscode]: Unknown language in `contributes.bootstrap4-vscode.language`. Provided value: HTML (Eex)
2023-04-01 16:16:11.628 [error] [thekalinga.bootstrap4-vscode]: Unknown language in `contributes.bootstrap4-vscode.language`. Provided value: volt
2023-04-01 16:16:11.628 [error] [thekalinga.bootstrap4-vscode]: Unknown language in `contributes.bootstrap4-vscode.language`. Provided value: nunjucks
