2023-04-01 16:14:44.409 [info] Added views:workbench.panel.markers.view in workbench.panel.markers
2023-04-01 16:14:44.409 [info] Added views:workbench.panel.output in workbench.panel.output
2023-04-01 16:14:44.409 [info] Added views:terminal in terminal
2023-04-01 16:14:44.409 [info] Added views:outline in workbench.view.explorer
2023-04-01 16:14:44.409 [info] Added views:workbench.scm in workbench.view.scm
2023-04-01 16:14:44.409 [info] Added views:workbench.view.search in workbench.view.search
2023-04-01 16:14:44.409 [info] Added views:timeline in workbench.view.explorer
2023-04-01 16:14:44.410 [info] Added views:workbench.explorer.emptyView in workbench.view.explorer
2023-04-01 16:14:44.608 [info] Added views:workbench.debug.welcome in workbench.view.debug
2023-04-01 16:14:45.341 [info] Added views:workbench.panel.repl.view in workbench.panel.repl
2023-04-01 16:15:03.721 [info] Added views:workbench.views.sync.conflicts in workbench.view.sync
2023-04-01 16:15:26.813 [info] Removed views:workbench.views.sync.conflicts from workbench.view.sync
2023-04-01 16:15:27.763 [info] View visibility state changed: workbench.explorer.openEditorsView is now visible Explorer
2023-04-01 16:15:27.763 [info] Showing view workbench.explorer.openEditorsView in the container workbench.view.explorer
2023-04-01 16:15:27.773 [info] Added views:workbench.explorer.openEditorsView in workbench.view.explorer
2023-04-01 16:15:37.492 [info] Added views:workbench.views.extensions.installed,workbench.views.extensions.popular,extensions.recommendedList in workbench.view.extensions
2023-04-01 16:15:37.495 [info] Removed views:workbench.views.extensions.popular from workbench.view.extensions
2023-04-01 16:16:44.721 [info] Added views:gitlens.views.home,gitlens.views.contributors in workbench.view.extension.gitlens
2023-04-01 16:16:44.723 [info] Added views:gitlens.views.repositories,gitlens.views.commits,gitlens.views.commitDetails,gitlens.views.fileHistory,gitlens.views.branches,gitlens.views.remotes,gitlens.views.stashes,gitlens.views.tags,gitlens.views.searchAndCompare in workbench.view.scm
2023-04-01 16:16:44.878 [info] Removed views:gitlens.views.contributors from workbench.view.extension.gitlens
2023-04-01 16:16:44.879 [info] Removed views:gitlens.views.searchAndCompare,gitlens.views.tags,gitlens.views.stashes,gitlens.views.remotes,gitlens.views.branches,gitlens.views.fileHistory,gitlens.views.commitDetails,gitlens.views.commits,gitlens.views.repositories from workbench.view.scm
2023-04-01 16:16:45.187 [info] Added views:pr:github,issues:github in workbench.view.extension.github-pull-requests
