2023-04-01 16:41:41.787 [info] Added views:workbench.panel.markers.view in workbench.panel.markers
2023-04-01 16:41:41.787 [info] Added views:workbench.panel.output in workbench.panel.output
2023-04-01 16:41:41.787 [info] Added views:terminal in terminal
2023-04-01 16:41:41.787 [info] Added views:outline in workbench.view.explorer
2023-04-01 16:41:41.787 [info] Added views:workbench.scm in workbench.view.scm
2023-04-01 16:41:41.787 [info] Added views:workbench.view.search in workbench.view.search
2023-04-01 16:41:41.787 [info] Added views:timeline in workbench.view.explorer
2023-04-01 16:41:41.787 [info] Added views:workbench.explorer.emptyView in workbench.view.explorer
2023-04-01 16:41:41.787 [info] Added views:workbench.explorer.openEditorsView in workbench.view.explorer
2023-04-01 16:41:41.978 [info] Added views:workbench.debug.welcome in workbench.view.debug
2023-04-01 16:41:42.657 [info] Added views:gitlens.views.home,gitlens.views.contributors in workbench.view.extension.gitlens
2023-04-01 16:41:42.658 [info] Added views:gitlens.views.repositories,gitlens.views.commits,gitlens.views.commitDetails,gitlens.views.fileHistory,gitlens.views.branches,gitlens.views.remotes,gitlens.views.stashes,gitlens.views.tags,gitlens.views.searchAndCompare in workbench.view.scm
2023-04-01 16:41:42.658 [info] Added views:pr:github,issues:github in workbench.view.extension.github-pull-requests
2023-04-01 16:41:42.873 [info] Added views:workbench.panel.repl.view in workbench.panel.repl
2023-04-01 16:41:43.011 [info] Removed views:gitlens.views.contributors from workbench.view.extension.gitlens
2023-04-01 16:41:43.012 [info] Removed views:gitlens.views.searchAndCompare,gitlens.views.tags,gitlens.views.stashes,gitlens.views.remotes,gitlens.views.branches,gitlens.views.fileHistory,gitlens.views.commitDetails,gitlens.views.commits,gitlens.views.repositories from workbench.view.scm
2023-04-01 16:41:59.153 [info] Added views:workbench.views.extensions.installed,workbench.views.extensions.popular,extensions.recommendedList in workbench.view.extensions
2023-04-01 16:41:59.156 [info] Removed views:workbench.views.extensions.popular from workbench.view.extensions
2023-04-01 16:43:02.890 [info] Added views:workbench.panel.markers.view in workbench.panel.markers
2023-04-01 16:43:02.890 [info] Added views:workbench.panel.output in workbench.panel.output
2023-04-01 16:43:02.890 [info] Added views:terminal in terminal
2023-04-01 16:43:02.890 [info] Added views:outline in workbench.view.explorer
2023-04-01 16:43:02.890 [info] Added views:workbench.scm in workbench.view.scm
2023-04-01 16:43:02.890 [info] Added views:workbench.view.search in workbench.view.search
2023-04-01 16:43:02.890 [info] Added views:timeline in workbench.view.explorer
2023-04-01 16:43:02.890 [info] Added views:workbench.explorer.fileView in workbench.view.explorer
2023-04-01 16:43:02.890 [info] Added views:workbench.explorer.openEditorsView in workbench.view.explorer
2023-04-01 16:43:03.057 [info] Added views:gitlens.views.home,gitlens.views.contributors in workbench.view.extension.gitlens
2023-04-01 16:43:03.058 [info] Added views:gitlens.views.repositories,gitlens.views.commits,gitlens.views.commitDetails,gitlens.views.fileHistory,gitlens.views.branches,gitlens.views.remotes,gitlens.views.stashes,gitlens.views.tags,gitlens.views.searchAndCompare in workbench.view.scm
2023-04-01 16:43:03.058 [info] Added views:pr:github,issues:github in workbench.view.extension.github-pull-requests
2023-04-01 16:43:03.201 [info] Added views:workbench.debug.variablesView,workbench.debug.watchExpressionsView,workbench.debug.callStackView,workbench.debug.breakPointsView in workbench.view.debug
2023-04-01 16:43:03.214 [info] Added views:workbench.panel.repl.view in workbench.panel.repl
2023-04-01 16:43:03.215 [info] Removed views:workbench.debug.breakPointsView,workbench.debug.callStackView,workbench.debug.watchExpressionsView,workbench.debug.variablesView from workbench.view.debug
2023-04-01 16:43:03.215 [info] Added views:workbench.debug.welcome in workbench.view.debug
2023-04-01 16:43:04.204 [info] Added views:gitlens.views.timeline in workbench.view.extension.gitlensPanel
2023-04-01 16:43:04.206 [info] Added views:gitlens.views.worktrees in workbench.view.scm
2023-04-01 16:43:06.295 [info] Added views:pythonEnvironments in workbench.view.extension.package-explorer
2023-04-01 16:43:06.295 [info] Added views:todo-tree-view in workbench.view.extension.todo-tree-container
2023-04-01 16:43:06.296 [info] Added views:jupyterKernelsView,jupyterContextualHelp in workbench.view.extension.jupyter
2023-04-01 16:43:06.298 [info] Added views:workspaceViewer in workbench.view.extension.workspaceViewer
2023-04-01 16:43:06.299 [info] Added views:learn-vim in workbench.view.extension.learn-vim-container
2023-04-01 16:43:06.300 [info] Added views:jsonOutline in workbench.view.extension.json-views
2023-04-01 16:43:06.955 [info] Added views:rHelpPages in workbench.view.extension.workspaceViewer
2023-04-01 16:43:06.966 [info] Added views:rLiveShare in workbench.view.extension.workspaceViewer
2023-04-01 16:43:07.058 [info] Added views:github:activePullRequest:welcome in workbench.view.extension.github-pull-request
2023-04-01 16:43:07.059 [info] Removed views:github:activePullRequest:welcome from workbench.view.extension.github-pull-request
2023-04-01 16:43:07.077 [info] Removed views:issues:github,pr:github from workbench.view.extension.github-pull-requests
2023-04-01 16:43:07.077 [info] Added views:github:login in workbench.view.extension.github-pull-requests
2023-04-01 16:43:09.482 [info] Added views:workbench.panel.markers.view in workbench.panel.markers
2023-04-01 16:43:09.482 [info] Added views:workbench.panel.output in workbench.panel.output
2023-04-01 16:43:09.482 [info] Added views:terminal in terminal
2023-04-01 16:43:09.482 [info] Added views:outline in workbench.view.explorer
2023-04-01 16:43:09.482 [info] Added views:workbench.scm in workbench.view.scm
2023-04-01 16:43:09.482 [info] Added views:workbench.view.search in workbench.view.search
2023-04-01 16:43:09.482 [info] Added views:timeline in workbench.view.explorer
2023-04-01 16:43:09.482 [info] Added views:workbench.explorer.fileView in workbench.view.explorer
2023-04-01 16:43:09.482 [info] Added views:workbench.explorer.openEditorsView in workbench.view.explorer
2023-04-01 16:43:09.662 [info] Added views:pythonEnvironments in workbench.view.extension.package-explorer
2023-04-01 16:43:09.662 [info] Added views:gitlens.views.home,gitlens.views.contributors in workbench.view.extension.gitlens
2023-04-01 16:43:09.663 [info] Added views:gitlens.views.repositories,gitlens.views.commits,gitlens.views.commitDetails,gitlens.views.fileHistory,gitlens.views.branches,gitlens.views.remotes,gitlens.views.stashes,gitlens.views.tags,gitlens.views.searchAndCompare in workbench.view.scm
2023-04-01 16:43:09.663 [info] Added views:pr:github,issues:github in workbench.view.extension.github-pull-requests
2023-04-01 16:43:09.664 [info] Added views:todo-tree-view in workbench.view.extension.todo-tree-container
2023-04-01 16:43:09.665 [info] Added views:jupyterKernelsView,jupyterContextualHelp in workbench.view.extension.jupyter
2023-04-01 16:43:09.666 [info] Added views:workspaceViewer in workbench.view.extension.workspaceViewer
2023-04-01 16:43:09.666 [info] Added views:learn-vim in workbench.view.extension.learn-vim-container
2023-04-01 16:43:09.666 [info] Added views:jsonOutline in workbench.view.extension.json-views
2023-04-01 16:43:09.797 [info] Added views:workbench.debug.variablesView,workbench.debug.watchExpressionsView,workbench.debug.callStackView,workbench.debug.breakPointsView in workbench.view.debug
2023-04-01 16:43:09.812 [info] Added views:workbench.panel.repl.view in workbench.panel.repl
2023-04-01 16:43:09.813 [info] Removed views:workbench.debug.breakPointsView,workbench.debug.callStackView,workbench.debug.watchExpressionsView,workbench.debug.variablesView from workbench.view.debug
2023-04-01 16:43:09.813 [info] Added views:workbench.debug.welcome in workbench.view.debug
2023-04-01 16:43:10.097 [info] Added views:rHelpPages in workbench.view.extension.workspaceViewer
2023-04-01 16:43:10.103 [info] Added views:rLiveShare in workbench.view.extension.workspaceViewer
2023-04-01 16:43:10.803 [info] Removed views:issues:github,pr:github from workbench.view.extension.github-pull-requests
2023-04-01 16:43:10.804 [info] Added views:github:login in workbench.view.extension.github-pull-requests
2023-04-01 16:43:10.852 [info] Added views:github:activePullRequest:welcome in workbench.view.extension.github-pull-request
2023-04-01 16:43:10.856 [info] Removed views:github:activePullRequest:welcome from workbench.view.extension.github-pull-request
2023-04-01 16:43:11.223 [info] Added views:gitlens.views.timeline in workbench.view.extension.gitlensPanel
2023-04-01 16:43:11.225 [info] Added views:gitlens.views.worktrees in workbench.view.scm
2023-04-01 16:43:14.646 [info] Added views:workbench.views.extensions.installed,workbench.views.extensions.popular,extensions.recommendedList in workbench.view.extensions
2023-04-01 16:43:14.649 [info] Removed views:workbench.views.extensions.popular from workbench.view.extensions
2023-04-01 16:43:44.891 [info] Removed views:extensions.recommendedList,workbench.views.extensions.installed from workbench.view.extensions
2023-04-01 16:43:44.902 [info] Added views:workbench.views.extensions.marketplace in workbench.view.extensions
2023-04-01 16:44:06.088 [info] Added views:latex-workshop-commands,latex-workshop-structure,latex-workshop-snippet-view in workbench.view.extension.latex-workshop-activitybar
2023-04-01 16:47:57.766 [info] Removed views:github:login from workbench.view.extension.github-pull-requests
2023-04-01 16:47:57.787 [info] Added views:pr:github,issues:github in workbench.view.extension.github-pull-requests
2023-04-01 16:47:57.805 [info] Added views:workbench.panel.comments in workbench.panel.comments
