2023-04-01 16:07:38.955 [info] Reading sessions from keychain...
2023-04-01 16:07:38.955 [info] Getting sessions for all scopes...
2023-04-01 16:07:38.955 [info] Getting sessions for user:email...
2023-04-01 16:07:38.955 [info] Got 0 sessions for ...
2023-04-01 16:07:38.955 [info] Got 0 sessions for user:email...
2023-04-01 16:07:38.962 [info] Getting sessions for all scopes...
2023-04-01 16:07:38.962 [info] Got 0 sessions for ...
2023-04-01 16:07:57.457 [info] Getting sessions for user:email...
2023-04-01 16:07:57.457 [info] Got 0 sessions for user:email...
2023-04-01 16:07:59.061 [info] Logging in for the following scopes: user:email
2023-04-01 16:07:59.062 [info] Trying without local server... (user:email)
2023-04-01 16:08:16.918 [error] User Cancelled
2023-04-01 16:08:21.129 [error] Error: Cancelled
	at r (/opt/visual-studio-code/resources/app/extensions/github-authentication/dist/extension.js:2:1012216)
	at async t.GitHubServer.login (/opt/visual-studio-code/resources/app/extensions/github-authentication/dist/extension.js:2:1012710)
	at async t.GitHubAuthenticationProvider.createSession (/opt/visual-studio-code/resources/app/extensions/github-authentication/dist/extension.js:2:1009192)
2023-04-01 16:11:32.269 [error] Error: Cancelled
	at r (/opt/visual-studio-code/resources/app/extensions/github-authentication/dist/extension.js:2:1012216)
	at async t.GitHubServer.login (/opt/visual-studio-code/resources/app/extensions/github-authentication/dist/extension.js:2:1012839)
	at async t.GitHubAuthenticationProvider.createSession (/opt/visual-studio-code/resources/app/extensions/github-authentication/dist/extension.js:2:1009192)
