    OpenRGB v0.7
    Commit: 6128731df697e116d04ea2644c46c268a5cd3448 from 2021-12-30 00:45:07 -0600
    Launched: 20220519_232553
====================================================================================================

1009  |Info:    Saving detector settings
1009  |Info:    ------------------------------------------------------
1009  |Info:    |               Start device detection               |
1009  |Info:    ------------------------------------------------------
1009  |Info:    Initializing HID interfaces: Success
1011  |Info:    ------------------------------------------------------
1011  |Info:    |             Detecting I2C interfaces               |
1011  |Info:    ------------------------------------------------------
1011  |Info:    Registering I2C interface: /dev/i2c-3 Device 1022:790B Subsystem: 1043:87C0
1011  |Info:    Registering I2C interface: /dev/i2c-8 Device 10DE:2414 Subsystem: 19DA:6630
1011  |Info:    Registering I2C interface: /dev/i2c-4 Device 10DE:2414 Subsystem: 19DA:6630
1011  |Info:    Registering I2C interface: /dev/i2c-0 Device 0000:0000 Subsystem: 0000:0000
1011  |Info:    Registering I2C interface: /dev/i2c-7 Device 10DE:2414 Subsystem: 19DA:6630
1011  |Info:    ------------------------------------------------------
1011  |Info:    |               Detecting I2C devices                |
1011  |Info:    ------------------------------------------------------
1169  |Info:    Loading plugins
1215  |Info:    ------------------------------------------------------
1215  |Info:    |               Detecting HID devices                |
1215  |Info:    ------------------------------------------------------
1215  |Info:    [ASUS Aura Motherboard] is not initialized
1215  |Info:    [Corsair Lighting Node Pro] is not initialized
1215  |Info:    [Corsair Commander Pro] is not initialized
1215  |Info:    [Corsair Strafe MK.2] is not initialized
1216  |Info:    [Logitech G502 Wireless Gaming Mouse] is not initialized
1216  |Info:    ------------------------------------------------------
1216  |Info:    |              Detecting other devices               |
1216  |Info:    ------------------------------------------------------
1220  |Info:    ------------------------------------------------------
1220  |Info:    |                Detection completed                 |
1220  |Info:    ------------------------------------------------------
1220  |Dialog:  <h2>WARNING:</h2><p>One or more I2C/SMBus interfaces failed to initialize.</p><p>RGB DRAM modules and some motherboards' onboard RGB lighting will not be available without I2C/SMBus.</p><p>On Linux, this is usually because the i2c-dev module is not loaded.  You must load the i2c-dev module along with the correct i2c driver for your motherboard.  This is usually i2c-piix4 for AMD systems and i2c-i801 for Intel systems.</p><p>See <a href='https://help.openrgb.org/'>help.openrgb.org</a> for additional troubleshooting steps if you keep seeing this message.<br></p>
