    OpenRGB v0.7
    Commit:  from 
    Launched: 20220519_234116
====================================================================================================

1001  |Info:    ------------------------------------------------------
1001  |Info:    |               Start device detection               |
1001  |Info:    ------------------------------------------------------
1001  |Info:    Initializing HID interfaces: Success
1003  |Info:    ------------------------------------------------------
1003  |Info:    |             Detecting I2C interfaces               |
1003  |Info:    ------------------------------------------------------
1003  |Info:    Registering I2C interface: /dev/i2c-3 Device 1022:790B Subsystem: 1043:87C0
1003  |Info:    Registering I2C interface: /dev/i2c-8 Device 10DE:2414 Subsystem: 19DA:6630
1003  |Info:    Registering I2C interface: /dev/i2c-4 Device 10DE:2414 Subsystem: 19DA:6630
1003  |Info:    Registering I2C interface: /dev/i2c-0 Device 0000:0000 Subsystem: 0000:0000
1003  |Info:    Registering I2C interface: /dev/i2c-7 Device 10DE:2414 Subsystem: 19DA:6630
1003  |Info:    ------------------------------------------------------
1003  |Info:    |               Detecting I2C devices                |
1003  |Info:    ------------------------------------------------------
1084  |Info:    Loading plugins
1204  |Info:    ------------------------------------------------------
1204  |Info:    |               Detecting HID devices                |
1204  |Info:    ------------------------------------------------------
1204  |Info:    [ASUS Aura Motherboard] is not initialized
1204  |Info:    [Corsair Lighting Node Pro] is not initialized
1204  |Info:    [Corsair Commander Pro] is not initialized
1204  |Info:    [Corsair Strafe MK.2] is not initialized
1204  |Info:    [Logitech G502 Wireless Gaming Mouse] is not initialized
1204  |Info:    ------------------------------------------------------
1204  |Info:    |              Detecting other devices               |
1204  |Info:    ------------------------------------------------------
1207  |Info:    ------------------------------------------------------
1207  |Info:    |                Detection completed                 |
1207  |Info:    ------------------------------------------------------
1207  |Dialog:  <h2>WARNING:</h2><p>One or more I2C/SMBus interfaces failed to initialize.</p><p>RGB DRAM modules and some motherboards' onboard RGB lighting will not be available without I2C/SMBus.</p><p>On Linux, this is usually because the i2c-dev module is not loaded.  You must load the i2c-dev module along with the correct i2c driver for your motherboard.  This is usually i2c-piix4 for AMD systems and i2c-i801 for Intel systems.</p><p>See <a href='https://help.openrgb.org/'>help.openrgb.org</a> for additional troubleshooting steps if you keep seeing this message.<br></p>
