    OpenRGB v0.7
    Commit:  from 
    Launched: 20220520_003051
====================================================================================================

1000  |Info:    ------------------------------------------------------
1000  |Info:    |               Start device detection               |
1000  |Info:    ------------------------------------------------------
1000  |Info:    Initializing HID interfaces: Success
1004  |Info:    ------------------------------------------------------
1004  |Info:    |             Detecting I2C interfaces               |
1004  |Info:    ------------------------------------------------------
1004  |Info:    Registering I2C interface: /dev/i2c-3 Device 1022:790B Subsystem: 1043:87C0
1005  |Info:    Registering I2C interface: /dev/i2c-1 Device 1022:790B Subsystem: 1043:87C0
1005  |Info:    Registering I2C interface: /dev/i2c-8 Device 10DE:2414 Subsystem: 19DA:6630
1005  |Info:    Registering I2C interface: /dev/i2c-6 Device 10DE:2414 Subsystem: 19DA:6630
1005  |Info:    Registering I2C interface: /dev/i2c-4 Device 10DE:2414 Subsystem: 19DA:6630
1005  |Info:    Registering I2C interface: /dev/i2c-2 Device 1022:790B Subsystem: 1043:87C0
1005  |Info:    Registering I2C interface: /dev/i2c-0 Device 0000:0000 Subsystem: 0000:0000
1005  |Info:    Registering I2C interface: /dev/i2c-9 Device 10DE:2414 Subsystem: 19DA:6630
1005  |Info:    Registering I2C interface: /dev/i2c-7 Device 10DE:2414 Subsystem: 19DA:6630
1005  |Info:    Registering I2C interface: /dev/i2c-5 Device 10DE:2414 Subsystem: 19DA:6630
1005  |Info:    ------------------------------------------------------
1005  |Info:    |               Detecting I2C devices                |
1005  |Info:    ------------------------------------------------------
1039  |Info:    Loading plugins
1382  |Info:    [Corsair Vengeance Pro RGB] Registering RGB controller
1393  |Info:    [Corsair Vengeance Pro RGB] Registering RGB controller
1791  |Info:    ------------------------------------------------------
1791  |Info:    |               Detecting HID devices                |
1791  |Info:    ------------------------------------------------------
1815  |Info:    [ASUS ROG STRIX B550-E GAMING] Registering RGB controller
1817  |Info:    [Corsair Lighting Node Pro] Registering RGB controller
1831  |Info:    [Corsair Commander Pro] Registering RGB controller
2846  |Info:    [Corsair Strafe MK.2] Registering RGB controller
3200  |Info:    Unable add this Logitech device: Not Connected
3554  |Info:    Unable add this Logitech device: Not Connected
3908  |Info:    Unable add this Logitech device: Not Connected
4262  |Info:    Unable add this Logitech device: Not Connected
4616  |Info:    Unable add this Logitech device: Not Connected
4970  |Info:    Unable add this Logitech device: Not Connected
5324  |Info:    Unable add this Logitech device: Not Connected
5678  |Info:    Unable add this Logitech device: Not Connected
6032  |Info:    Unable add this Logitech device: Not Connected
6386  |Info:    Unable add this Logitech device: Not Connected
6386  |Info:    ------------------------------------------------------
6386  |Info:    |              Detecting other devices               |
6386  |Info:    ------------------------------------------------------
6390  |Info:    ------------------------------------------------------
6390  |Info:    |                Detection completed                 |
6390  |Info:    ------------------------------------------------------
