2023-04-01 16:14:45.396 [info] Reading sessions from keychain...
2023-04-01 16:14:45.396 [info] Getting sessions for all scopes...
2023-04-01 16:14:45.396 [info] Getting sessions for user:email...
2023-04-01 16:14:45.396 [info] Got 0 sessions for ...
2023-04-01 16:14:45.396 [info] Got 0 sessions for user:email...
2023-04-01 16:14:45.416 [info] Getting sessions for all scopes...
2023-04-01 16:14:45.416 [info] Got 0 sessions for ...
2023-04-01 16:14:48.774 [info] Getting sessions for user:email...
2023-04-01 16:14:48.775 [info] Got 0 sessions for user:email...
2023-04-01 16:14:50.305 [info] Logging in for the following scopes: user:email
2023-04-01 16:14:50.306 [info] Trying without local server... (user:email)
2023-04-01 16:14:58.769 [info] Exchanging code for token...
2023-04-01 16:14:59.160 [info] Token exchange success!
2023-04-01 16:14:59.162 [info] Getting user info...
2023-04-01 16:14:59.475 [info] Got account info!
2023-04-01 16:14:59.475 [info] Storing 1 sessions...
2023-04-01 16:14:59.489 [info] Reading sessions from keychain...
2023-04-01 16:14:59.489 [info] Stored 1 sessions!
2023-04-01 16:14:59.490 [info] Login success!
2023-04-01 16:14:59.490 [info] Getting sessions for user:email...
2023-04-01 16:14:59.491 [info] Getting sessions for user:email...
2023-04-01 16:14:59.491 [info] Got stored sessions!
2023-04-01 16:14:59.492 [info] Got 1 verified sessions.
2023-04-01 16:14:59.492 [info] Got 1 sessions for user:email...
2023-04-01 16:14:59.492 [info] Got 1 sessions for user:email...
2023-04-01 16:14:59.828 [info] Getting user info...
2023-04-01 16:15:00.131 [info] Got account info!
2023-04-01 16:16:44.918 [info] Getting sessions for all scopes...
2023-04-01 16:16:44.918 [info] Got 1 sessions for ...
2023-04-01 16:16:45.282 [info] Getting sessions for read:user,repo,user:email,workflow...
2023-04-01 16:16:45.282 [info] Got 0 sessions for read:user,repo,user:email,workflow...
2023-04-01 16:16:45.282 [info] Getting sessions for read:user,repo,user:email...
2023-04-01 16:16:45.282 [info] Got 0 sessions for read:user,repo,user:email...
