2023-04-01 16:14:45.304 [info] Extension host with pid 39604 started
2023-04-01 16:14:45.340 [info] ExtensionService#_doActivateExtension vscode.emmet, startup: false, activationEvent: 'onLanguage'
2023-04-01 16:14:45.344 [info] ExtensionService#_doActivateExtension vscode.github-authentication, startup: false, activationEvent: 'onAuthenticationRequest:github'
2023-04-01 16:14:45.381 [info] ExtensionService#_doActivateExtension vscode.git-base, startup: true, activationEvent: '*'
2023-04-01 16:14:45.385 [info] ExtensionService#_doActivateExtension vscode.github, startup: true, activationEvent: '*'
2023-04-01 16:14:45.387 [info] ExtensionService#_doActivateExtension vscode.microsoft-authentication, startup: false, activationEvent: 'onAuthenticationRequest:microsoft'
2023-04-01 16:14:45.393 [info] Eager extensions activated
2023-04-01 16:14:45.399 [info] ExtensionService#_doActivateExtension vscode.debug-auto-launch, startup: false, activationEvent: 'onStartupFinished'
2023-04-01 16:14:45.401 [info] ExtensionService#_doActivateExtension vscode.merge-conflict, startup: false, activationEvent: 'onStartupFinished'
2023-04-01 16:15:00.154 [info] ExtensionService#_doActivateExtension vscode.configuration-editing, startup: false, activationEvent: 'onLanguage:jsonc'
2023-04-01 16:15:00.164 [info] ExtensionService#_doActivateExtension vscode.json-language-features, startup: false, activationEvent: 'onLanguage:jsonc'
2023-04-01 16:15:00.206 [info] ExtensionService#_doActivateExtension vscode.typescript-language-features, startup: false, activationEvent: 'onLanguage:jsonc'
2023-04-01 16:15:30.048 [info] ExtensionService#_doActivateExtension vscode.npm, startup: false, activationEvent: 'onStartupFinished', root cause: esbenp.prettier-vscode
2023-04-01 16:15:30.075 [info] ExtensionService#_doActivateExtension esbenp.prettier-vscode, startup: false, activationEvent: 'onStartupFinished'
2023-04-01 16:15:33.684 [info] ExtensionService#_doActivateExtension zhuangtongfa.material-theme, startup: false, activationEvent: 'onStartupFinished'
2023-04-01 16:16:33.175 [info] ExtensionService#_doActivateExtension PKief.material-icon-theme, startup: false, activationEvent: 'onStartupFinished'
2023-04-01 16:16:44.767 [info] ExtensionService#_doActivateExtension eamodio.gitlens, startup: false, activationEvent: 'onStartupFinished'
2023-04-01 16:16:45.200 [info] ExtensionService#_doActivateExtension GitHub.vscode-pull-request-github, startup: false, activationEvent: 'onStartupFinished'
2023-04-01 16:41:37.329 [info] Extension host terminating: renderer closed the MessagePort
2023-04-01 16:41:37.344 [error] Canceled: Canceled
	at new l (/opt/visual-studio-code/resources/app/out/vs/workbench/api/node/extensionHostProcess.js:98:105190)
	at c.O (/opt/visual-studio-code/resources/app/out/vs/workbench/api/node/extensionHostProcess.js:108:11692)
	at G.<computed>.Q.charCodeAt.G.<computed> (/opt/visual-studio-code/resources/app/out/vs/workbench/api/node/extensionHostProcess.js:108:8967)
	at m.g (/opt/visual-studio-code/resources/app/out/vs/workbench/api/node/extensionHostProcess.js:98:125211)
	at m.executeCommand (/opt/visual-studio-code/resources/app/out/vs/workbench/api/node/extensionHostProcess.js:98:124587)
	at L.registerCommand.description (/opt/visual-studio-code/resources/app/out/vs/workbench/api/node/extensionHostProcess.js:98:123880)
	at m.h (/opt/visual-studio-code/resources/app/out/vs/workbench/api/node/extensionHostProcess.js:98:125797)
	at m.g (/opt/visual-studio-code/resources/app/out/vs/workbench/api/node/extensionHostProcess.js:98:124687)
	at m.executeCommand (/opt/visual-studio-code/resources/app/out/vs/workbench/api/node/extensionHostProcess.js:98:124587)
	at Object.executeCommand (/opt/visual-studio-code/resources/app/out/vs/workbench/api/node/extensionHostProcess.js:114:23801)
	at c (/home/eduard/.vscode/extensions/eamodio.gitlens-13.4.0/dist/gitlens.js:1:988555)
	at ActionRunners._updateContextKeys (/home/eduard/.vscode/extensions/eamodio.gitlens-13.4.0/dist/gitlens.js:1:7346)
	at r (/home/eduard/.vscode/extensions/eamodio.gitlens-13.4.0/dist/gitlens.js:1:5765)
	at RegisteredActionRunner.unregister (/home/eduard/.vscode/extensions/eamodio.gitlens-13.4.0/dist/gitlens.js:1:5909)
	at RegisteredActionRunner.dispose (/home/eduard/.vscode/extensions/eamodio.gitlens-13.4.0/dist/gitlens.js:1:4574)
	at ActionRunners.dispose (/home/eduard/.vscode/extensions/eamodio.gitlens-13.4.0/dist/gitlens.js:1:5351)
	at C (/opt/visual-studio-code/resources/app/out/vs/workbench/api/node/extensionHostProcess.js:10:12084)
	at E.Y (/opt/visual-studio-code/resources/app/out/vs/workbench/api/node/extensionHostProcess.js:110:11147)
	at /opt/visual-studio-code/resources/app/out/vs/workbench/api/node/extensionHostProcess.js:110:9131
	at Array.map (<anonymous>)
	at E.R (/opt/visual-studio-code/resources/app/out/vs/workbench/api/node/extensionHostProcess.js:110:9118)
	at E.terminate (/opt/visual-studio-code/resources/app/out/vs/workbench/api/node/extensionHostProcess.js:110:9389)
	at d.terminate (/opt/visual-studio-code/resources/app/out/vs/workbench/api/node/extensionHostProcess.js:114:1544)
	at p (/opt/visual-studio-code/resources/app/out/vs/workbench/api/node/extensionHostProcess.js:124:18690)
	at MessagePortMain.<anonymous> (/opt/visual-studio-code/resources/app/out/vs/workbench/api/node/extensionHostProcess.js:124:14829)
	at MessagePortMain.emit (node:events:526:28)
	at MessagePortMain._internalPort.emit (node:electron/js2c/utility_init:5:364) setContext undefined
2023-04-01 16:41:37.344 [error] Canceled: Canceled
	at new l (/opt/visual-studio-code/resources/app/out/vs/workbench/api/node/extensionHostProcess.js:98:105190)
	at c.O (/opt/visual-studio-code/resources/app/out/vs/workbench/api/node/extensionHostProcess.js:108:11692)
	at G.<computed>.Q.charCodeAt.G.<computed> (/opt/visual-studio-code/resources/app/out/vs/workbench/api/node/extensionHostProcess.js:108:8967)
	at m.g (/opt/visual-studio-code/resources/app/out/vs/workbench/api/node/extensionHostProcess.js:98:125211)
	at m.executeCommand (/opt/visual-studio-code/resources/app/out/vs/workbench/api/node/extensionHostProcess.js:98:124587)
	at L.registerCommand.description (/opt/visual-studio-code/resources/app/out/vs/workbench/api/node/extensionHostProcess.js:98:123880)
	at m.h (/opt/visual-studio-code/resources/app/out/vs/workbench/api/node/extensionHostProcess.js:98:125797)
	at m.g (/opt/visual-studio-code/resources/app/out/vs/workbench/api/node/extensionHostProcess.js:98:124687)
	at m.executeCommand (/opt/visual-studio-code/resources/app/out/vs/workbench/api/node/extensionHostProcess.js:98:124587)
	at Object.executeCommand (/opt/visual-studio-code/resources/app/out/vs/workbench/api/node/extensionHostProcess.js:114:23801)
	at c (/home/eduard/.vscode/extensions/eamodio.gitlens-13.4.0/dist/gitlens.js:1:988555)
	at ActionRunners._updateContextKeys (/home/eduard/.vscode/extensions/eamodio.gitlens-13.4.0/dist/gitlens.js:1:7346)
	at r (/home/eduard/.vscode/extensions/eamodio.gitlens-13.4.0/dist/gitlens.js:1:5765)
	at RegisteredActionRunner.unregister (/home/eduard/.vscode/extensions/eamodio.gitlens-13.4.0/dist/gitlens.js:1:5909)
	at RegisteredActionRunner.dispose (/home/eduard/.vscode/extensions/eamodio.gitlens-13.4.0/dist/gitlens.js:1:4574)
	at ActionRunners.dispose (/home/eduard/.vscode/extensions/eamodio.gitlens-13.4.0/dist/gitlens.js:1:5351)
	at C (/opt/visual-studio-code/resources/app/out/vs/workbench/api/node/extensionHostProcess.js:10:12084)
	at E.Y (/opt/visual-studio-code/resources/app/out/vs/workbench/api/node/extensionHostProcess.js:110:11147)
	at /opt/visual-studio-code/resources/app/out/vs/workbench/api/node/extensionHostProcess.js:110:9131
	at Array.map (<anonymous>)
	at E.R (/opt/visual-studio-code/resources/app/out/vs/workbench/api/node/extensionHostProcess.js:110:9118)
	at E.terminate (/opt/visual-studio-code/resources/app/out/vs/workbench/api/node/extensionHostProcess.js:110:9389)
	at d.terminate (/opt/visual-studio-code/resources/app/out/vs/workbench/api/node/extensionHostProcess.js:114:1544)
	at p (/opt/visual-studio-code/resources/app/out/vs/workbench/api/node/extensionHostProcess.js:124:18690)
	at MessagePortMain.<anonymous> (/opt/visual-studio-code/resources/app/out/vs/workbench/api/node/extensionHostProcess.js:124:14829)
	at MessagePortMain.emit (node:events:526:28)
	at MessagePortMain._internalPort.emit (node:electron/js2c/utility_init:5:364) setContext undefined
2023-04-01 16:41:37.345 [error] Canceled: Canceled
	at new l (/opt/visual-studio-code/resources/app/out/vs/workbench/api/node/extensionHostProcess.js:98:105190)
	at c.O (/opt/visual-studio-code/resources/app/out/vs/workbench/api/node/extensionHostProcess.js:108:11692)
	at G.<computed>.Q.charCodeAt.G.<computed> (/opt/visual-studio-code/resources/app/out/vs/workbench/api/node/extensionHostProcess.js:108:8967)
	at m.g (/opt/visual-studio-code/resources/app/out/vs/workbench/api/node/extensionHostProcess.js:98:125211)
	at m.executeCommand (/opt/visual-studio-code/resources/app/out/vs/workbench/api/node/extensionHostProcess.js:98:124587)
	at L.registerCommand.description (/opt/visual-studio-code/resources/app/out/vs/workbench/api/node/extensionHostProcess.js:98:123880)
	at m.h (/opt/visual-studio-code/resources/app/out/vs/workbench/api/node/extensionHostProcess.js:98:125797)
	at m.g (/opt/visual-studio-code/resources/app/out/vs/workbench/api/node/extensionHostProcess.js:98:124687)
	at m.executeCommand (/opt/visual-studio-code/resources/app/out/vs/workbench/api/node/extensionHostProcess.js:98:124587)
	at Object.executeCommand (/opt/visual-studio-code/resources/app/out/vs/workbench/api/node/extensionHostProcess.js:114:23801)
	at c (/home/eduard/.vscode/extensions/eamodio.gitlens-13.4.0/dist/gitlens.js:1:988555)
	at ActionRunners._updateContextKeys (/home/eduard/.vscode/extensions/eamodio.gitlens-13.4.0/dist/gitlens.js:1:7346)
	at r (/home/eduard/.vscode/extensions/eamodio.gitlens-13.4.0/dist/gitlens.js:1:5765)
	at RegisteredActionRunner.unregister (/home/eduard/.vscode/extensions/eamodio.gitlens-13.4.0/dist/gitlens.js:1:5909)
	at RegisteredActionRunner.dispose (/home/eduard/.vscode/extensions/eamodio.gitlens-13.4.0/dist/gitlens.js:1:4574)
	at Object.dispose (/home/eduard/.vscode/extensions/eamodio.gitlens-13.4.0/dist/gitlens.js:1:6006)
	at C (/opt/visual-studio-code/resources/app/out/vs/workbench/api/node/extensionHostProcess.js:10:12084)
	at E.Y (/opt/visual-studio-code/resources/app/out/vs/workbench/api/node/extensionHostProcess.js:110:11147)
	at /opt/visual-studio-code/resources/app/out/vs/workbench/api/node/extensionHostProcess.js:110:9131
	at Array.map (<anonymous>)
	at E.R (/opt/visual-studio-code/resources/app/out/vs/workbench/api/node/extensionHostProcess.js:110:9118)
	at E.terminate (/opt/visual-studio-code/resources/app/out/vs/workbench/api/node/extensionHostProcess.js:110:9389)
	at d.terminate (/opt/visual-studio-code/resources/app/out/vs/workbench/api/node/extensionHostProcess.js:114:1544)
	at p (/opt/visual-studio-code/resources/app/out/vs/workbench/api/node/extensionHostProcess.js:124:18690)
	at MessagePortMain.<anonymous> (/opt/visual-studio-code/resources/app/out/vs/workbench/api/node/extensionHostProcess.js:124:14829)
	at MessagePortMain.emit (node:events:526:28)
	at MessagePortMain._internalPort.emit (node:electron/js2c/utility_init:5:364) setContext undefined
2023-04-01 16:41:37.345 [error] Canceled: Canceled
	at new l (/opt/visual-studio-code/resources/app/out/vs/workbench/api/node/extensionHostProcess.js:98:105190)
	at c.O (/opt/visual-studio-code/resources/app/out/vs/workbench/api/node/extensionHostProcess.js:108:11692)
	at G.<computed>.Q.charCodeAt.G.<computed> (/opt/visual-studio-code/resources/app/out/vs/workbench/api/node/extensionHostProcess.js:108:8967)
	at m.g (/opt/visual-studio-code/resources/app/out/vs/workbench/api/node/extensionHostProcess.js:98:125211)
	at m.executeCommand (/opt/visual-studio-code/resources/app/out/vs/workbench/api/node/extensionHostProcess.js:98:124587)
	at L.registerCommand.description (/opt/visual-studio-code/resources/app/out/vs/workbench/api/node/extensionHostProcess.js:98:123880)
	at m.h (/opt/visual-studio-code/resources/app/out/vs/workbench/api/node/extensionHostProcess.js:98:125797)
	at m.g (/opt/visual-studio-code/resources/app/out/vs/workbench/api/node/extensionHostProcess.js:98:124687)
	at m.executeCommand (/opt/visual-studio-code/resources/app/out/vs/workbench/api/node/extensionHostProcess.js:98:124587)
	at Object.executeCommand (/opt/visual-studio-code/resources/app/out/vs/workbench/api/node/extensionHostProcess.js:114:23801)
	at c (/home/eduard/.vscode/extensions/eamodio.gitlens-13.4.0/dist/gitlens.js:1:988555)
	at ActionRunners._updateContextKeys (/home/eduard/.vscode/extensions/eamodio.gitlens-13.4.0/dist/gitlens.js:1:7346)
	at r (/home/eduard/.vscode/extensions/eamodio.gitlens-13.4.0/dist/gitlens.js:1:5765)
	at RegisteredActionRunner.unregister (/home/eduard/.vscode/extensions/eamodio.gitlens-13.4.0/dist/gitlens.js:1:5909)
	at RegisteredActionRunner.dispose (/home/eduard/.vscode/extensions/eamodio.gitlens-13.4.0/dist/gitlens.js:1:4574)
	at Object.dispose (/home/eduard/.vscode/extensions/eamodio.gitlens-13.4.0/dist/gitlens.js:1:6006)
	at C (/opt/visual-studio-code/resources/app/out/vs/workbench/api/node/extensionHostProcess.js:10:12084)
	at E.Y (/opt/visual-studio-code/resources/app/out/vs/workbench/api/node/extensionHostProcess.js:110:11147)
	at /opt/visual-studio-code/resources/app/out/vs/workbench/api/node/extensionHostProcess.js:110:9131
	at Array.map (<anonymous>)
	at E.R (/opt/visual-studio-code/resources/app/out/vs/workbench/api/node/extensionHostProcess.js:110:9118)
	at E.terminate (/opt/visual-studio-code/resources/app/out/vs/workbench/api/node/extensionHostProcess.js:110:9389)
	at d.terminate (/opt/visual-studio-code/resources/app/out/vs/workbench/api/node/extensionHostProcess.js:114:1544)
	at p (/opt/visual-studio-code/resources/app/out/vs/workbench/api/node/extensionHostProcess.js:124:18690)
	at MessagePortMain.<anonymous> (/opt/visual-studio-code/resources/app/out/vs/workbench/api/node/extensionHostProcess.js:124:14829)
	at MessagePortMain.emit (node:events:526:28)
	at MessagePortMain._internalPort.emit (node:electron/js2c/utility_init:5:364) setContext undefined
2023-04-01 16:41:37.345 [error] Canceled: Canceled
	at new l (/opt/visual-studio-code/resources/app/out/vs/workbench/api/node/extensionHostProcess.js:98:105190)
	at c.O (/opt/visual-studio-code/resources/app/out/vs/workbench/api/node/extensionHostProcess.js:108:11692)
	at G.<computed>.Q.charCodeAt.G.<computed> (/opt/visual-studio-code/resources/app/out/vs/workbench/api/node/extensionHostProcess.js:108:8967)
	at m.g (/opt/visual-studio-code/resources/app/out/vs/workbench/api/node/extensionHostProcess.js:98:125211)
	at m.executeCommand (/opt/visual-studio-code/resources/app/out/vs/workbench/api/node/extensionHostProcess.js:98:124587)
	at L.registerCommand.description (/opt/visual-studio-code/resources/app/out/vs/workbench/api/node/extensionHostProcess.js:98:123880)
	at m.h (/opt/visual-studio-code/resources/app/out/vs/workbench/api/node/extensionHostProcess.js:98:125797)
	at m.g (/opt/visual-studio-code/resources/app/out/vs/workbench/api/node/extensionHostProcess.js:98:124687)
	at m.executeCommand (/opt/visual-studio-code/resources/app/out/vs/workbench/api/node/extensionHostProcess.js:98:124587)
	at Object.executeCommand (/opt/visual-studio-code/resources/app/out/vs/workbench/api/node/extensionHostProcess.js:114:23801)
	at c (/home/eduard/.vscode/extensions/eamodio.gitlens-13.4.0/dist/gitlens.js:1:988555)
	at ActionRunners._updateContextKeys (/home/eduard/.vscode/extensions/eamodio.gitlens-13.4.0/dist/gitlens.js:1:7346)
	at r (/home/eduard/.vscode/extensions/eamodio.gitlens-13.4.0/dist/gitlens.js:1:5765)
	at RegisteredActionRunner.unregister (/home/eduard/.vscode/extensions/eamodio.gitlens-13.4.0/dist/gitlens.js:1:5909)
	at RegisteredActionRunner.dispose (/home/eduard/.vscode/extensions/eamodio.gitlens-13.4.0/dist/gitlens.js:1:4574)
	at Object.dispose (/home/eduard/.vscode/extensions/eamodio.gitlens-13.4.0/dist/gitlens.js:1:6006)
	at C (/opt/visual-studio-code/resources/app/out/vs/workbench/api/node/extensionHostProcess.js:10:12084)
	at E.Y (/opt/visual-studio-code/resources/app/out/vs/workbench/api/node/extensionHostProcess.js:110:11147)
	at /opt/visual-studio-code/resources/app/out/vs/workbench/api/node/extensionHostProcess.js:110:9131
	at Array.map (<anonymous>)
	at E.R (/opt/visual-studio-code/resources/app/out/vs/workbench/api/node/extensionHostProcess.js:110:9118)
	at E.terminate (/opt/visual-studio-code/resources/app/out/vs/workbench/api/node/extensionHostProcess.js:110:9389)
	at d.terminate (/opt/visual-studio-code/resources/app/out/vs/workbench/api/node/extensionHostProcess.js:114:1544)
	at p (/opt/visual-studio-code/resources/app/out/vs/workbench/api/node/extensionHostProcess.js:124:18690)
	at MessagePortMain.<anonymous> (/opt/visual-studio-code/resources/app/out/vs/workbench/api/node/extensionHostProcess.js:124:14829)
	at MessagePortMain.emit (node:events:526:28)
	at MessagePortMain._internalPort.emit (node:electron/js2c/utility_init:5:364) setContext undefined
2023-04-01 16:41:37.346 [error] Canceled: Canceled
	at new l (/opt/visual-studio-code/resources/app/out/vs/workbench/api/node/extensionHostProcess.js:98:105190)
	at c.O (/opt/visual-studio-code/resources/app/out/vs/workbench/api/node/extensionHostProcess.js:108:11692)
	at G.<computed>.Q.charCodeAt.G.<computed> (/opt/visual-studio-code/resources/app/out/vs/workbench/api/node/extensionHostProcess.js:108:8967)
	at m.g (/opt/visual-studio-code/resources/app/out/vs/workbench/api/node/extensionHostProcess.js:98:125211)
	at m.executeCommand (/opt/visual-studio-code/resources/app/out/vs/workbench/api/node/extensionHostProcess.js:98:124587)
	at L.registerCommand.description (/opt/visual-studio-code/resources/app/out/vs/workbench/api/node/extensionHostProcess.js:98:123880)
	at m.h (/opt/visual-studio-code/resources/app/out/vs/workbench/api/node/extensionHostProcess.js:98:125797)
	at m.g (/opt/visual-studio-code/resources/app/out/vs/workbench/api/node/extensionHostProcess.js:98:124687)
	at m.executeCommand (/opt/visual-studio-code/resources/app/out/vs/workbench/api/node/extensionHostProcess.js:98:124587)
	at Object.executeCommand (/opt/visual-studio-code/resources/app/out/vs/workbench/api/node/extensionHostProcess.js:114:23801)
	at c (/home/eduard/.vscode/extensions/eamodio.gitlens-13.4.0/dist/gitlens.js:1:988555)
	at ActionRunners._updateContextKeys (/home/eduard/.vscode/extensions/eamodio.gitlens-13.4.0/dist/gitlens.js:1:7346)
	at r (/home/eduard/.vscode/extensions/eamodio.gitlens-13.4.0/dist/gitlens.js:1:5765)
	at RegisteredActionRunner.unregister (/home/eduard/.vscode/extensions/eamodio.gitlens-13.4.0/dist/gitlens.js:1:5909)
	at RegisteredActionRunner.dispose (/home/eduard/.vscode/extensions/eamodio.gitlens-13.4.0/dist/gitlens.js:1:4574)
	at Object.dispose (/home/eduard/.vscode/extensions/eamodio.gitlens-13.4.0/dist/gitlens.js:1:6006)
	at t.<anonymous> (/opt/visual-studio-code/resources/app/out/vs/workbench/api/node/extensionHostProcess.js:96:12398)
	at t.dispose (/opt/visual-studio-code/resources/app/out/vs/workbench/api/node/extensionHostProcess.js:96:12533)
	at iv.dispose (/home/eduard/.vscode/extensions/github.vscode-pull-request-github-0.62.0/dist/extension.js:1568:33157)
	at C (/opt/visual-studio-code/resources/app/out/vs/workbench/api/node/extensionHostProcess.js:10:12084)
	at E.Y (/opt/visual-studio-code/resources/app/out/vs/workbench/api/node/extensionHostProcess.js:110:11147)
	at /opt/visual-studio-code/resources/app/out/vs/workbench/api/node/extensionHostProcess.js:110:9131
	at Array.map (<anonymous>)
	at E.R (/opt/visual-studio-code/resources/app/out/vs/workbench/api/node/extensionHostProcess.js:110:9118)
	at E.terminate (/opt/visual-studio-code/resources/app/out/vs/workbench/api/node/extensionHostProcess.js:110:9389)
	at d.terminate (/opt/visual-studio-code/resources/app/out/vs/workbench/api/node/extensionHostProcess.js:114:1544)
	at p (/opt/visual-studio-code/resources/app/out/vs/workbench/api/node/extensionHostProcess.js:124:18690)
	at MessagePortMain.<anonymous> (/opt/visual-studio-code/resources/app/out/vs/workbench/api/node/extensionHostProcess.js:124:14829)
	at MessagePortMain.emit (node:events:526:28)
	at MessagePortMain._internalPort.emit (node:electron/js2c/utility_init:5:364) setContext undefined
2023-04-01 16:41:37.353 [info] Extension host with pid 39604 exiting with code 0
