2023-04-01 16:41:43.139 [info] Reading sessions from secret storage...
2023-04-01 16:41:43.139 [info] Got 0 stored sessions
2023-04-01 16:41:43.140 [info] Getting sessions for all scopes...
2023-04-01 16:41:43.140 [info] Got 0 sessions for all scopes...
2023-04-01 16:41:43.141 [info] Getting sessions for the following scopes: email offline_access openid profile
2023-04-01 16:41:43.141 [info] Got 0 sessions for scopes: email offline_access openid profile
2023-04-01 16:43:03.543 [info] Reading sessions from secret storage...
2023-04-01 16:43:03.625 [info] Got 0 stored sessions
2023-04-01 16:43:03.626 [info] Getting sessions for all scopes...
2023-04-01 16:43:03.626 [info] Got 0 sessions for all scopes...
2023-04-01 16:43:03.626 [info] Getting sessions for the following scopes: email offline_access openid profile
2023-04-01 16:43:03.626 [info] Got 0 sessions for scopes: email offline_access openid profile
2023-04-01 16:43:10.718 [info] Reading sessions from secret storage...
2023-04-01 16:43:10.718 [info] Got 0 stored sessions
2023-04-01 16:43:10.727 [info] Getting sessions for all scopes...
2023-04-01 16:43:10.727 [info] Got 0 sessions for all scopes...
2023-04-01 16:43:10.727 [info] Getting sessions for the following scopes: email offline_access openid profile
2023-04-01 16:43:10.727 [info] Got 0 sessions for scopes: email offline_access openid profile
2023-04-01 16:47:57.813 [info] Getting sessions for the following scopes: email offline_access openid profile
2023-04-01 16:47:57.813 [info] Got 0 sessions for scopes: email offline_access openid profile
