2023-04-01 17:08:06.713 [info] Reading sessions from keychain...
2023-04-01 17:08:06.713 [info] Getting sessions for all scopes...
2023-04-01 17:08:06.713 [info] Getting sessions for user:email...
2023-04-01 17:08:06.713 [info] Got stored sessions!
2023-04-01 17:08:06.713 [info] Got 2 verified sessions.
2023-04-01 17:08:06.713 [info] Got 2 sessions for ...
2023-04-01 17:08:06.713 [info] Got 1 sessions for user:email...
2023-04-01 17:08:06.713 [info] Getting sessions for all scopes...
2023-04-01 17:08:06.713 [info] Got 2 sessions for ...
2023-04-01 17:08:06.713 [info] Getting sessions for all scopes...
2023-04-01 17:08:06.713 [info] Got 2 sessions for ...
2023-04-01 17:08:06.724 [info] Getting sessions for read:user...
2023-04-01 17:08:06.724 [info] Got 0 sessions for read:user...
2023-04-01 17:08:06.737 [info] Getting sessions for read:user,repo,user:email,workflow...
2023-04-01 17:08:06.737 [info] Got 1 sessions for read:user,repo,user:email,workflow...
2023-04-01 17:08:06.804 [info] Getting sessions for all scopes...
2023-04-01 17:08:06.804 [info] Got 2 sessions for ...
2023-04-01 17:08:06.810 [info] Getting sessions for user:email...
2023-04-01 17:08:06.810 [info] Got 1 sessions for user:email...
2023-04-01 17:08:06.888 [info] Getting sessions for read:user,repo,user:email...
2023-04-01 17:08:06.888 [info] Got 0 sessions for read:user,repo,user:email...
2023-04-01 17:08:07.947 [info] Getting user info...
2023-04-01 17:08:08.207 [info] Got account info!
