    OpenRGB v0.7
    Commit:  from 
    Launched: 20220520_000836
====================================================================================================

1007  |Info:    ------------------------------------------------------
1007  |Info:    |               Start device detection               |
1007  |Info:    ------------------------------------------------------
1007  |Info:    Initializing HID interfaces: Success
1009  |Info:    ------------------------------------------------------
1009  |Info:    |             Detecting I2C interfaces               |
1009  |Info:    ------------------------------------------------------
1009  |Info:    Registering I2C interface: /dev/i2c-3 Device 1022:790B Subsystem: 1043:87C0
1009  |Info:    Registering I2C interface: /dev/i2c-1 Device 1022:790B Subsystem: 1043:87C0
1009  |Info:    Registering I2C interface: /dev/i2c-8 Device 10DE:2414 Subsystem: 19DA:6630
1009  |Info:    Registering I2C interface: /dev/i2c-6 Device 10DE:2414 Subsystem: 19DA:6630
1009  |Info:    Registering I2C interface: /dev/i2c-4 Device 10DE:2414 Subsystem: 19DA:6630
1009  |Info:    Registering I2C interface: /dev/i2c-2 Device 1022:790B Subsystem: 1043:87C0
1009  |Info:    Registering I2C interface: /dev/i2c-0 Device 0000:0000 Subsystem: 0000:0000
1009  |Info:    Registering I2C interface: /dev/i2c-9 Device 10DE:2414 Subsystem: 19DA:6630
1009  |Info:    Registering I2C interface: /dev/i2c-7 Device 10DE:2414 Subsystem: 19DA:6630
1009  |Info:    Registering I2C interface: /dev/i2c-5 Device 10DE:2414 Subsystem: 19DA:6630
1009  |Info:    ------------------------------------------------------
1009  |Info:    |               Detecting I2C devices                |
1009  |Info:    ------------------------------------------------------
1091  |Info:    Loading plugins
1386  |Info:    [Corsair Vengeance Pro RGB] Registering RGB controller
1398  |Info:    [Corsair Vengeance Pro RGB] Registering RGB controller
1794  |Info:    ------------------------------------------------------
1794  |Info:    |               Detecting HID devices                |
1794  |Info:    ------------------------------------------------------
1876  |Info:    [ASUS ROG STRIX B550-E GAMING] Registering RGB controller
1930  |Info:    [Corsair Lighting Node Pro] Registering RGB controller
1932  |Info:    [Corsair Commander Pro] Registering RGB controller
2998  |Info:    [Corsair Strafe MK.2] Registering RGB controller
3351  |Info:    Unable add this Logitech device: Not Connected
3706  |Info:    Unable add this Logitech device: Not Connected
4060  |Info:    Unable add this Logitech device: Not Connected
4414  |Info:    Unable add this Logitech device: Not Connected
4768  |Info:    Unable add this Logitech device: Not Connected
5122  |Info:    Unable add this Logitech device: Not Connected
5476  |Info:    Unable add this Logitech device: Not Connected
5830  |Info:    Unable add this Logitech device: Not Connected
6184  |Info:    Unable add this Logitech device: Not Connected
6538  |Info:    Unable add this Logitech device: Not Connected
6538  |Info:    ------------------------------------------------------
6538  |Info:    |              Detecting other devices               |
6538  |Info:    ------------------------------------------------------
6542  |Info:    ------------------------------------------------------
6542  |Info:    |                Detection completed                 |
6542  |Info:    ------------------------------------------------------
