2023-04-01 16:41:42.983 [info] Reading sessions from keychain...
2023-04-01 16:41:42.983 [info] Getting sessions for all scopes...
2023-04-01 16:41:42.983 [info] Got stored sessions!
2023-04-01 16:41:42.983 [info] Got 1 verified sessions.
2023-04-01 16:41:42.983 [info] Got 1 sessions for ...
2023-04-01 16:41:42.983 [info] Getting sessions for all scopes...
2023-04-01 16:41:42.983 [info] Got 1 sessions for ...
2023-04-01 16:41:43.105 [info] Getting sessions for read:user,repo,user:email,workflow...
2023-04-01 16:41:43.105 [info] Got 0 sessions for read:user,repo,user:email,workflow...
2023-04-01 16:41:43.113 [info] Getting sessions for user:email...
2023-04-01 16:41:43.113 [info] Got 1 sessions for user:email...
2023-04-01 16:41:43.116 [info] Getting sessions for read:user,repo,user:email...
2023-04-01 16:41:43.116 [info] Got 0 sessions for read:user,repo,user:email...
2023-04-01 16:41:43.130 [info] Getting sessions for all scopes...
2023-04-01 16:41:43.130 [info] Got 1 sessions for ...
2023-04-01 16:41:43.149 [info] Getting sessions for all scopes...
2023-04-01 16:41:43.149 [info] Got 1 sessions for ...
2023-04-01 16:41:44.265 [info] Getting user info...
2023-04-01 16:41:44.537 [info] Got account info!
2023-04-01 16:43:03.506 [info] Reading sessions from keychain...
2023-04-01 16:43:03.506 [info] Getting sessions for all scopes...
2023-04-01 16:43:03.506 [info] Getting sessions for user:email...
2023-04-01 16:43:03.506 [info] Got stored sessions!
2023-04-01 16:43:03.506 [info] Got 1 verified sessions.
2023-04-01 16:43:03.506 [info] Got 1 sessions for ...
2023-04-01 16:43:03.506 [info] Got 1 sessions for user:email...
2023-04-01 16:43:03.506 [info] Getting sessions for read:user,repo,user:email...
2023-04-01 16:43:03.506 [info] Got 0 sessions for read:user,repo,user:email...
2023-04-01 16:43:03.531 [info] Getting sessions for read:user,repo,user:email,workflow...
2023-04-01 16:43:03.531 [info] Got 0 sessions for read:user,repo,user:email,workflow...
2023-04-01 16:43:03.626 [info] Getting sessions for read:user,repo,user:email...
2023-04-01 16:43:03.626 [info] Got 0 sessions for read:user,repo,user:email...
2023-04-01 16:43:03.664 [info] Getting sessions for all scopes...
2023-04-01 16:43:03.664 [info] Got 1 sessions for ...
2023-04-01 16:43:04.808 [info] Getting user info...
2023-04-01 16:43:05.093 [info] Got account info!
2023-04-01 16:43:06.965 [info] Getting sessions for read:user...
2023-04-01 16:43:06.965 [info] Got 0 sessions for read:user...
2023-04-01 16:43:07.052 [info] Getting sessions for user:email...
2023-04-01 16:43:07.052 [info] Got 1 sessions for user:email...
2023-04-01 16:43:10.622 [info] Reading sessions from keychain...
2023-04-01 16:43:10.622 [info] Getting sessions for all scopes...
2023-04-01 16:43:10.622 [info] Getting sessions for all scopes...
2023-04-01 16:43:10.622 [info] Got stored sessions!
2023-04-01 16:43:10.622 [info] Got 1 verified sessions.
2023-04-01 16:43:10.622 [info] Got 1 sessions for ...
2023-04-01 16:43:10.622 [info] Got 1 sessions for ...
2023-04-01 16:43:10.622 [info] Getting sessions for user:email...
2023-04-01 16:43:10.622 [info] Got 1 sessions for user:email...
2023-04-01 16:43:10.622 [info] Getting sessions for read:user...
2023-04-01 16:43:10.622 [info] Got 0 sessions for read:user...
2023-04-01 16:43:10.706 [info] Getting sessions for read:user,repo,user:email,workflow...
2023-04-01 16:43:10.706 [info] Got 0 sessions for read:user,repo,user:email,workflow...
2023-04-01 16:43:10.706 [info] Getting sessions for user:email...
2023-04-01 16:43:10.706 [info] Got 1 sessions for user:email...
2023-04-01 16:43:10.755 [info] Getting sessions for all scopes...
2023-04-01 16:43:10.755 [info] Got 1 sessions for ...
2023-04-01 16:43:10.775 [info] Getting sessions for read:user,repo,user:email...
2023-04-01 16:43:10.775 [info] Got 0 sessions for read:user,repo,user:email...
2023-04-01 16:43:10.784 [info] Getting sessions for read:user,repo,user:email...
2023-04-01 16:43:10.784 [info] Got 0 sessions for read:user,repo,user:email...
2023-04-01 16:43:11.911 [info] Getting user info...
2023-04-01 16:43:12.188 [info] Got account info!
2023-04-01 16:47:54.535 [info] Getting sessions for read:user,repo,user:email,workflow...
2023-04-01 16:47:54.535 [info] Got 0 sessions for read:user,repo,user:email,workflow...
2023-04-01 16:47:54.536 [info] Getting sessions for read:user,repo,user:email...
2023-04-01 16:47:54.536 [info] Got 0 sessions for read:user,repo,user:email...
2023-04-01 16:47:54.537 [info] Getting sessions for read:user,repo,user:email,workflow...
2023-04-01 16:47:54.537 [info] Got 0 sessions for read:user,repo,user:email,workflow...
2023-04-01 16:47:55.891 [info] Logging in for the following scopes: read:user repo user:email workflow
2023-04-01 16:47:55.896 [info] Trying without local server... (read:user repo user:email workflow)
2023-04-01 16:47:57.037 [info] Exchanging code for token...
2023-04-01 16:47:57.378 [info] Token exchange success!
2023-04-01 16:47:57.381 [info] Getting user info...
2023-04-01 16:47:57.711 [info] Got account info!
2023-04-01 16:47:57.711 [info] Storing 2 sessions...
2023-04-01 16:47:57.717 [info] Reading sessions from keychain...
2023-04-01 16:47:57.717 [info] Stored 2 sessions!
2023-04-01 16:47:57.718 [info] Login success!
2023-04-01 16:47:57.719 [info] Getting sessions for user:email...
2023-04-01 16:47:57.777 [info] Got stored sessions!
2023-04-01 16:47:57.777 [info] Got 2 verified sessions.
2023-04-01 16:47:57.777 [info] Got 1 sessions for user:email...
2023-04-01 16:47:57.813 [info] Getting sessions for read:user,repo,user:email...
2023-04-01 16:47:57.813 [info] Got 0 sessions for read:user,repo,user:email...
2023-04-01 16:47:57.813 [info] Getting sessions for user:email...
2023-04-01 16:47:57.813 [info] Got 1 sessions for user:email...
2023-04-01 16:47:57.817 [info] Getting sessions for read:user...
2023-04-01 16:47:57.817 [info] Got 0 sessions for read:user...
2023-04-01 16:47:57.818 [info] Getting sessions for user:email...
2023-04-01 16:47:57.818 [info] Got 1 sessions for user:email...
