2023-04-01 17:08:05.478 [info] Added views:workbench.panel.markers.view in workbench.panel.markers
2023-04-01 17:08:05.479 [info] Added views:workbench.panel.output in workbench.panel.output
2023-04-01 17:08:05.479 [info] Added views:terminal in terminal
2023-04-01 17:08:05.479 [info] Added views:outline in workbench.view.explorer
2023-04-01 17:08:05.479 [info] Added views:workbench.scm in workbench.view.scm
2023-04-01 17:08:05.479 [info] Added views:workbench.view.search in workbench.view.search
2023-04-01 17:08:05.479 [info] Added views:timeline in workbench.view.explorer
2023-04-01 17:08:05.479 [info] Added views:workbench.explorer.fileView in workbench.view.explorer
2023-04-01 17:08:05.479 [info] Added views:workbench.explorer.openEditorsView in workbench.view.explorer
2023-04-01 17:08:05.617 [info] Added views:workbench.debug.welcome in workbench.view.debug
2023-04-01 17:08:05.906 [info] Added views:pythonEnvironments in workbench.view.extension.package-explorer
2023-04-01 17:08:05.906 [info] Added views:gitlens.views.home,gitlens.views.contributors in workbench.view.extension.gitlens
2023-04-01 17:08:05.907 [info] Added views:gitlens.views.repositories,gitlens.views.commits,gitlens.views.commitDetails,gitlens.views.fileHistory,gitlens.views.branches,gitlens.views.remotes,gitlens.views.stashes,gitlens.views.tags,gitlens.views.searchAndCompare in workbench.view.scm
2023-04-01 17:08:05.907 [info] Added views:pr:github,issues:github in workbench.view.extension.github-pull-requests
2023-04-01 17:08:05.907 [info] Added views:todo-tree-view in workbench.view.extension.todo-tree-container
2023-04-01 17:08:05.908 [info] Added views:jupyterKernelsView,jupyterContextualHelp in workbench.view.extension.jupyter
2023-04-01 17:08:05.908 [info] Added views:workspaceViewer in workbench.view.extension.workspaceViewer
2023-04-01 17:08:05.908 [info] Added views:learn-vim in workbench.view.extension.learn-vim-container
2023-04-01 17:08:05.908 [info] Added views:jsonOutline in workbench.view.extension.json-views
2023-04-01 17:08:06.046 [info] Added views:workbench.panel.repl.view in workbench.panel.repl
2023-04-01 17:08:06.399 [info] Added views:rHelpPages in workbench.view.extension.workspaceViewer
2023-04-01 17:08:06.405 [info] Added views:rLiveShare in workbench.view.extension.workspaceViewer
2023-04-01 17:08:06.833 [info] Added views:workbench.panel.comments in workbench.panel.comments
2023-04-01 17:08:07.321 [info] Added views:gitlens.views.timeline in workbench.view.extension.gitlensPanel
2023-04-01 17:08:07.324 [info] Added views:gitlens.views.worktrees in workbench.view.scm
2023-04-01 17:08:07.628 [info] Added views:github:activePullRequest:welcome in workbench.view.extension.github-pull-request
2023-04-01 17:08:07.629 [info] Removed views:github:activePullRequest:welcome from workbench.view.extension.github-pull-request
